# JRE version: OpenJDK Runtime Environment 17.0.4.2 (17.0.4.2) (build 17.0.4.2+0-hydraulic)
# Java VM: OpenJDK 64-Bit Server VM 17.0.4.2 (17.0.4.2+0-hydraulic, mixed mode, tiered, compressed oops, compressed class ptrs, g1 gc, bsd-amd64)
GC Precious Log:
 CPUs: 8 total, 8 available
 Memory: 16384M
 Large Page Support: Disabled
 NUMA Support: Disabled
 Compressed Oops: Enabled (Zero based)
 Heap Region Size: 8M
 Heap Min Capacity: 8M
 Heap Initial Capacity: 256M
 Heap Max Capacity: 12G
 Pre-touch: Disabled
 Parallel Workers: 8
 Concurrent Workers: 2
 Concurrent Refinement Workers: 8
 Periodic GC: Disabled
Heap:
 garbage-first heap   total 1114112K, used 962590K [0x0000000500000000, 0x0000000800000000)
  region size 8192K, 74 young (606208K), 3 survivors (24576K)
 Metaspace       used 52166K, committed 52928K, reserved 1097728K
  class space    used 6153K, committed 6464K, reserved 1048576K
GC Heap History (20 events):
Event: 20.508 GC heap before
{Heap before GC invocations=35 (full 0):
 garbage-first heap   total 770048K, used 540070K [0x0000000500000000, 0x0000000800000000)
  region size 8192K, 56 young (458752K), 2 survivors (16384K)
 Metaspace       used 51327K, committed 52096K, reserved 1097728K
  class space    used 6051K, committed 6400K, reserved 1048576K
}
Event: 20.511 GC heap after
{Heap after GC invocations=36 (full 0):
 garbage-first heap   total 770048K, used 100918K [0x0000000500000000, 0x0000000800000000)
  region size 8192K, 2 young (16384K), 2 survivors (16384K)
 Metaspace       used 51327K, committed 52096K, reserved 1097728K
  class space    used 6051K, committed 6400K, reserved 1048576K
}
Event: 20.790 GC heap before
{Heap before GC invocations=36 (full 0):
 garbage-first heap   total 770048K, used 543286K [0x0000000500000000, 0x0000000800000000)
  region size 8192K, 56 young (458752K), 2 survivors (16384K)
 Metaspace       used 51343K, committed 52096K, reserved 1097728K
  class space    used 6052K, committed 6400K, reserved 1048576K
}
Event: 20.793 GC heap after
{Heap after GC invocations=37 (full 0):
 garbage-first heap   total 770048K, used 102692K [0x0000000500000000, 0x0000000800000000)
  region size 8192K, 3 young (24576K), 3 survivors (24576K)
 Metaspace       used 51343K, committed 52096K, reserved 1097728K
  class space    used 6052K, committed 6400K, reserved 1048576K
}
Event: 21.033 GC heap before
{Heap before GC invocations=37 (full 0):
 garbage-first heap   total 770048K, used 536868K [0x0000000500000000, 0x0000000800000000)
  region size 8192K, 56 young (458752K), 3 survivors (24576K)
 Metaspace       used 51343K, committed 52096K, reserved 1097728K
  class space    used 6052K, committed 6400K, reserved 1048576K
}
Event: 21.038 GC heap after
{Heap after GC invocations=38 (full 0):
 garbage-first heap   total 770048K, used 108634K [0x0000000500000000, 0x0000000800000000)
  region size 8192K, 3 young (24576K), 3 survivors (24576K)
 Metaspace       used 51343K, committed 52096K, reserved 1097728K
  class space    used 6052K, committed 6400K, reserved 1048576K
}
Event: 21.289 GC heap before
{Heap before GC invocations=38 (full 0):
 garbage-first heap   total 770048K, used 542810K [0x0000000500000000, 0x0000000800000000)
  region size 8192K, 57 young (466944K), 3 survivors (24576K)
 Metaspace       used 51343K, committed 52096K, reserved 1097728K
  class space    used 6052K, committed 6400K, reserved 1048576K
}
Event: 21.292 GC heap after
{Heap after GC invocations=39 (full 0):
 garbage-first heap   total 770048K, used 104498K [0x0000000500000000, 0x0000000800000000)
  region size 8192K, 3 young (24576K), 3 survivors (24576K)
 Metaspace       used 51343K, committed 52096K, reserved 1097728K
  class space    used 6052K, committed 6400K, reserved 1048576K
}
Event: 21.526 GC heap before
{Heap before GC invocations=39 (full 0):
 garbage-first heap   total 770048K, used 538674K [0x0000000500000000, 0x0000000800000000)
  region size 8192K, 56 young (458752K), 3 survivors (24576K)
 Metaspace       used 51343K, committed 52096K, reserved 1097728K
  class space    used 6052K, committed 6400K, reserved 1048576K
}
Event: 21.531 GC heap after
{Heap after GC invocations=40 (full 0):
 garbage-first heap   total 770048K, used 107192K [0x0000000500000000, 0x0000000800000000)
  region size 8192K, 3 young (24576K), 3 survivors (24576K)
 Metaspace       used 51343K, committed 52096K, reserved 1097728K
  class space    used 6052K, committed 6400K, reserved 1048576K
}
Event: 21.726 GC heap before
{Heap before GC invocations=40 (full 0):
 garbage-first heap   total 770048K, used 541368K [0x0000000500000000, 0x0000000800000000)
  region size 8192K, 56 young (458752K), 3 survivors (24576K)
 Metaspace       used 51343K, committed 52096K, reserved 1097728K
  class space    used 6052K, committed 6400K, reserved 1048576K
}
Event: 21.732 GC heap after
{Heap after GC invocations=41 (full 0):
 garbage-first heap   total 925696K, used 110622K [0x0000000500000000, 0x0000000800000000)
  region size 8192K, 3 young (24576K), 3 survivors (24576K)
 Metaspace       used 51343K, committed 52096K, reserved 1097728K
  class space    used 6052K, committed 6400K, reserved 1048576K
}
Event: 21.959 GC heap before
{Heap before GC invocations=41 (full 0):
 garbage-first heap   total 925696K, used 634910K [0x0000000500000000, 0x0000000800000000)
  region size 8192K, 67 young (548864K), 3 survivors (24576K)
 Metaspace       used 51346K, committed 52096K, reserved 1097728K
  class space    used 6052K, committed 6400K, reserved 1048576K
}
Event: 21.963 GC heap after
{Heap after GC invocations=42 (full 0):
 garbage-first heap   total 925696K, used 102430K [0x0000000500000000, 0x0000000800000000)
  region size 8192K, 2 young (16384K), 2 survivors (16384K)
 Metaspace       used 51346K, committed 52096K, reserved 1097728K
  class space    used 6052K, committed 6400K, reserved 1048576K
}
Event: 22.147 GC heap before
{Heap before GC invocations=42 (full 0):
 garbage-first heap   total 925696K, used 634910K [0x0000000500000000, 0x0000000800000000)
  region size 8192K, 68 young (557056K), 2 survivors (16384K)
 Metaspace       used 51346K, committed 52096K, reserved 1097728K
  class space    used 6052K, committed 6400K, reserved 1048576K
}
Event: 22.150 GC heap after
{Heap after GC invocations=43 (full 0):
 garbage-first heap   total 925696K, used 105352K [0x0000000500000000, 0x0000000800000000)
  region size 8192K, 3 young (24576K), 3 survivors (24576K)
 Metaspace       used 51346K, committed 52096K, reserved 1097728K
  class space    used 6052K, committed 6400K, reserved 1048576K
}
Event: 22.325 GC heap before
{Heap before GC invocations=43 (full 0):
 garbage-first heap   total 925696K, used 629640K [0x0000000500000000, 0x0000000800000000)
  region size 8192K, 67 young (548864K), 3 survivors (24576K)
 Metaspace       used 51346K, committed 52096K, reserved 1097728K
  class space    used 6052K, committed 6400K, reserved 1048576K
}
Event: 22.330 GC heap after
{Heap after GC invocations=44 (full 0):
 garbage-first heap   total 925696K, used 113877K [0x0000000500000000, 0x0000000800000000)
  region size 8192K, 4 young (32768K), 4 survivors (32768K)
 Metaspace       used 51346K, committed 52096K, reserved 1097728K
  class space    used 6052K, committed 6400K, reserved 1048576K
}
Event: 22.797 GC heap before
{Heap before GC invocations=44 (full 0):
 garbage-first heap   total 925696K, used 629973K [0x0000000500000000, 0x0000000800000000)
  region size 8192K, 68 young (557056K), 4 survivors (32768K)
 Metaspace       used 51346K, committed 52096K, reserved 1097728K
  class space    used 6052K, committed 6400K, reserved 1048576K
}
Event: 22.802 GC heap after
{Heap after GC invocations=45 (full 0):
 garbage-first heap   total 1114112K, used 110622K [0x0000000500000000, 0x0000000800000000)
  region size 8192K, 3 young (24576K), 3 survivors (24576K)
 Metaspace       used 51346K, committed 52096K, reserved 1097728K
  class space    used 6052K, committed 6400K, reserved 1048576K
}

